0 silly argv { _: [ 'publish' ],
0 silly argv   progress: true,
0 silly argv   sort: true,
0 silly argv   ci: false,
0 silly argv   loglevel: 'info',
0 silly argv   lernaVersion: '3.0.0-rc.0',
0 silly argv   '$0': 'lerna' }
1 info version 3.0.0-rc.0
2 verbose rootPath /Users/AdityaNaag/zoomcar/web-components/web-components
3 info versioning independent
4 silly isAnythingCommitted
5 verbose isAnythingCommitted 1
6 silly currentBranch
7 verbose currentBranch master
8 silly isBehindUpstream
9 silly isBehindUpstream master is behind origin/master by 0 commit(s) and ahead by 1
10 silly hasTags
11 verbose hasTags true
12 info Looking for changed packages since @zoomcarindia/wc-loader@1.0.3.
13 silly diffSinceIn @zoomcarindia/wc-loader@1.0.3 packages/wc-application-form
14 silly diff web-components/packages/wc-application-form
15 silly diffSinceIn @zoomcarindia/wc-loader@1.0.3 packages/wc-loader
16 silly diff web-components/packages/wc-loader/package.json
16 silly diff web-components/packages/wc-loader/readme.md
16 silly diff web-components/packages/wc-loader/wc-loader.html
16 silly diff web-components/packages/wc-loader/wc-loader.js
17 silly diffSinceIn @zoomcarindia/wc-loader@1.0.3 packages/wc-multiselect
18 silly diff web-components/packages/wc-multiselect
19 silly diffSinceIn @zoomcarindia/wc-loader@1.0.3 packages/wc-toggle
20 silly diff web-components/packages/wc-toggle/package.json
20 silly diff web-components/packages/wc-toggle/readme.md
20 silly diff web-components/packages/wc-toggle/wc-toggle-btn.html
20 silly diff web-components/packages/wc-toggle/wc-toggle-btn.js
21 verbose updated @zoomcarindia/wc-application-form
22 verbose updated @zoomcarindia/wc-loader
23 verbose updated @zoomcarindia/wc-multiselect
24 verbose updated @zoomcarindia/wc-toggle
25 silly batched [ PackageGraphNode {
25 silly batched     name: '@zoomcarindia/wc-application-form',
25 silly batched     externalDependencies: Map { 'ejs' => [Object], 'node-sass' => [Object] },
25 silly batched     localDependencies: Map {},
25 silly batched     localDependents: Map {} },
25 silly batched   PackageGraphNode {
25 silly batched     name: '@zoomcarindia/wc-loader',
25 silly batched     externalDependencies: Map {},
25 silly batched     localDependencies: Map {},
25 silly batched     localDependents: Map {} },
25 silly batched   PackageGraphNode {
25 silly batched     name: '@zoomcarindia/wc-multiselect',
25 silly batched     externalDependencies: Map {},
25 silly batched     localDependencies: Map {},
25 silly batched     localDependents: Map {} },
25 silly batched   PackageGraphNode {
25 silly batched     name: '@zoomcarindia/wc-toggle',
25 silly batched     externalDependencies: Map {},
25 silly batched     localDependencies: Map {},
25 silly batched     localDependents: Map {} } ]
26 warn ENOLICENSE Packages @zoomcarindia/wc-application-form, @zoomcarindia/wc-loader, @zoomcarindia/wc-multiselect, @zoomcarindia/wc-toggle are missing a license
27 silly gitAdd [ '/Users/AdityaNaag/zoomcar/web-components/web-components/packages/wc-toggle/package.json',
27 silly gitAdd   '/Users/AdityaNaag/zoomcar/web-components/web-components/packages/wc-multiselect/package.json',
27 silly gitAdd   '/Users/AdityaNaag/zoomcar/web-components/web-components/packages/wc-loader/package.json',
27 silly gitAdd   '/Users/AdityaNaag/zoomcar/web-components/web-components/packages/wc-application-form/package.json' ]
28 error Error: Command failed: git add -- packages/wc-toggle/package.json packages/wc-multiselect/package.json packages/wc-loader/package.json packages/wc-application-form/package.json
28 error fatal: Pathspec 'packages/wc-multiselect/package.json' is in submodule 'web-components/packages/wc-multiselect'
28 error
28 error     at makeError (/Users/AdityaNaag/.nvm/versions/node/v9.9.0/lib/node_modules/lerna/node_modules/execa/index.js:172:9)
28 error     at Promise.all.then.arr (/Users/AdityaNaag/.nvm/versions/node/v9.9.0/lib/node_modules/lerna/node_modules/execa/index.js:277:16)
28 error     at <anonymous>
